2020-04-27 08:42:59.917  INFO 16580 --- [main] c.l.practice.PracticeApplication         : Starting PracticeApplication on DESKTOP-FU49P5E with PID 16580 (C:\IDEACode\20200425\practice\target\classes started by liu76 in C:\IDEACode\20200425\practice)
2020-04-27 08:42:59.917  INFO 16580 --- [main] c.l.practice.PracticeApplication         : No active profile set, falling back to default profiles: default
2020-04-27 08:43:01.981  INFO 16580 --- [main] o.s.b.w.embedded.tomcat.TomcatWebServer  : Tomcat initialized with port(s): 8080 (http)
2020-04-27 08:43:01.996  INFO 16580 --- [main] o.apache.catalina.core.StandardService   : Starting service [Tomcat]
2020-04-27 08:43:01.996  INFO 16580 --- [main] org.apache.catalina.core.StandardEngine  : Starting Servlet engine: [Apache Tomcat/9.0.33]
2020-04-27 08:43:02.137  INFO 16580 --- [main] o.a.c.c.C.[Tomcat].[localhost].[/]       : Initializing Spring embedded WebApplicationContext
2020-04-27 08:43:02.137  INFO 16580 --- [main] o.s.web.context.ContextLoader            : Root WebApplicationContext: initialization completed in 2142 ms
2020-04-27 08:43:02.492  INFO 16580 --- [main] o.s.s.concurrent.ThreadPoolTaskExecutor  : Initializing ExecutorService 'applicationTaskExecutor'
2020-04-27 08:43:02.711  INFO 16580 --- [main] o.s.b.w.embedded.tomcat.TomcatWebServer  : Tomcat started on port(s): 8080 (http) with context path ''
2020-04-27 08:43:02.711  INFO 16580 --- [main] c.l.practice.PracticeApplication         : Started PracticeApplication in 3.919 seconds (JVM running for 7.289)
2020-04-27 08:43:33.690  INFO 16580 --- [http-nio-8080-exec-1] o.a.c.c.C.[Tomcat].[localhost].[/]       : Initializing Spring DispatcherServlet 'dispatcherServlet'
2020-04-27 08:43:33.691  INFO 16580 --- [http-nio-8080-exec-1] o.s.web.servlet.DispatcherServlet        : Initializing Servlet 'dispatcherServlet'
2020-04-27 08:43:33.701  INFO 16580 --- [http-nio-8080-exec-1] o.s.web.servlet.DispatcherServlet        : Completed initialization in 10 ms
2020-04-27 08:43:33.756  INFO 16580 --- [http-nio-8080-exec-1] com.zaxxer.hikari.HikariDataSource       : HikariPool-1 - Starting...
2020-04-27 08:43:34.435  INFO 16580 --- [http-nio-8080-exec-1] com.zaxxer.hikari.pool.PoolBase          : HikariPool-1 - Driver does not support get/set network timeout for connections. (oracle.jdbc.driver.T4CConnection.getNetworkTimeout()I)
2020-04-27 08:43:34.461  INFO 16580 --- [http-nio-8080-exec-1] com.zaxxer.hikari.HikariDataSource       : HikariPool-1 - Start completed.
2020-04-27 08:43:34.724  INFO 16580 --- [http-nio-8080-exec-1] c.l.practice.controller.MyController     : 获取问题信息列表：[{"QUESTION_ID":"A3CA48C3C069A1DBE05023840CE310F9","CATEGORY_ID":"A3C8388F3316D659E05023840CE37F36","QUESTION_TITLE":"如何开启指纹密码？","QUESTION_ANSWER":"&lt;p style=\"color: #FF0000;\"&gt;内容第一行&lt;/p&gt;&lt;p&gt;&lt;img src=\"http://www.wodata.com.cn/wodata/icon/img_10@3x.png\"/&gt;&lt;/p&gt;&lt;p style=\"color: #00FF00;\"&gt;内容第二行&lt;/p&gt;","KNOWLEDGE_FLAG":"0","SHOW_ORDER":1,"STATUS":"1","REMARK":"测试","CREATE_TIME":1587461954000,"MODIFY_TIME":1587461954000},{"QUESTION_ID":"A3CA48C3C067A1DBE05023840CE310F9","CATEGORY_ID":"A3C8388F3316D659E05023840CE37F36","QUESTION_TITLE":"用户注册流程？","QUESTION_ANSWER":"&lt;p&gt;问题答案&lt;/p&gt;","KNOWLEDGE_FLAG":"0","SHOW_ORDER":3,"STATUS":"1","REMARK":"测试","CREATE_TIME":1587461592000,"MODIFY_TIME":1587461592000},{"QUESTION_ID":"A3CA48C3C068A1DBE05023840CE310F9","CATEGORY_ID":"A3C8388F3316D659E05023840CE37F36","QUESTION_TITLE":"如何更换绑定手机？","QUESTION_ANSWER":"&lt;p&gt;问题答案&lt;/p&gt;","KNOWLEDGE_FLAG":"0","SHOW_ORDER":2,"STATUS":"1","REMARK":"测试","CREATE_TIME":1587461886000,"MODIFY_TIME":1587461886000},{"QUESTION_ID":"A3F1C1645F285B6EE05012AC0300005C","CATEGORY_ID":"A3C8388F3316D659E05023840CE37F36","QUESTION_TITLE":"如何开启指纹密码？","QUESTION_ANSWER":"&lt;p style=\"color: #FF0000;\"&gt;内容第一行&lt;/p&gt;&lt;p&gt;&lt;img src=\"http://www.wodata.com.cn/wodata/icon/img_10@3x.png\"/&gt;&lt;/p&gt;&lt;p style=\"color: #00FF00;\"&gt;内容第二行&lt;/p&gt;","KNOWLEDGE_FLAG":"0","SHOW_ORDER":1,"STATUS":"1","REMARK":"测试","CREATE_TIME":1587461954000,"MODIFY_TIME":1587461954000},{"QUESTION_ID":"A3F1C1645F295B6EE05012AC0300005C","CATEGORY_ID":"A3C8388F3316D659E05023840CE37F36","QUESTION_TITLE":"如何开启指纹密码？","QUESTION_ANSWER":"&lt;p style=\"color: #FF0000;\"&gt;内容第一行&lt;/p&gt;&lt;p&gt;&lt;img src=\"http://www.wodata.com.cn/wodata/icon/img_10@3x.png\"/&gt;&lt;/p&gt;&lt;p style=\"color: #00FF00;\"&gt;内容第二行&lt;/p&gt;","KNOWLEDGE_FLAG":"0","SHOW_ORDER":1,"STATUS":"1","REMARK":"测试","CREATE_TIME":1587629678000,"MODIFY_TIME":1587629678000},{"QUESTION_ID":"A3F1C1645F2A5B6EE05012AC0300005C","CATEGORY_ID":"A3C8388F3316D659E05023840CE37F36","QUESTION_TITLE":"如何开启指纹密码？","QUESTION_ANSWER":"&lt;p style=\"color: #FF0000;\"&gt;内容第一行&lt;/p&gt;&lt;p&gt;&lt;img src=\"http://www.wodata.com.cn/wodata/icon/img_10@3x.png\"/&gt;&lt;/p&gt;&lt;p style=\"color: #00FF00;\"&gt;内容第二行&lt;/p&gt;","KNOWLEDGE_FLAG":"0","SHOW_ORDER":1,"STATUS":"1","REMARK":"测试","CREATE_TIME":1590221709000,"MODIFY_TIME":1590221709000}]
2020-04-27 08:45:31.877  INFO 7584 --- [main] c.l.practice.PracticeApplicationTests    : Starting PracticeApplicationTests on DESKTOP-FU49P5E with PID 7584 (started by liu76 in C:\IDEACode\20200425\practice)
2020-04-27 08:45:31.877  INFO 7584 --- [main] c.l.practice.PracticeApplicationTests    : No active profile set, falling back to default profiles: default
2020-04-27 08:45:35.526  INFO 7584 --- [main] o.s.s.concurrent.ThreadPoolTaskExecutor  : Initializing ExecutorService 'applicationTaskExecutor'
2020-04-27 08:45:36.723  INFO 7584 --- [main] c.l.practice.PracticeApplicationTests    : Started PracticeApplicationTests in 5.653 seconds (JVM running for 7.993)
2020-04-27 08:45:37.440  INFO 7584 --- [main] com.zaxxer.hikari.HikariDataSource       : HikariPool-1 - Starting...
2020-04-27 08:45:40.000  INFO 7584 --- [main] com.zaxxer.hikari.pool.PoolBase          : HikariPool-1 - Driver does not support get/set network timeout for connections. (oracle.jdbc.driver.T4CConnection.getNetworkTimeout()I)
2020-04-27 08:45:40.032  INFO 7584 --- [main] com.zaxxer.hikari.HikariDataSource       : HikariPool-1 - Start completed.
2020-04-27 08:45:40.475  INFO 7584 --- [SpringContextShutdownHook] o.s.s.concurrent.ThreadPoolTaskExecutor  : Shutting down ExecutorService 'applicationTaskExecutor'
2020-04-27 08:45:40.478  INFO 7584 --- [SpringContextShutdownHook] com.zaxxer.hikari.HikariDataSource       : HikariPool-1 - Shutdown initiated...
2020-04-27 08:45:40.639  INFO 7584 --- [SpringContextShutdownHook] com.zaxxer.hikari.HikariDataSource       : HikariPool-1 - Shutdown completed.
